<?xml version="1.0" encoding="UTF-8"?>
<testng-results ignored="0" total="4" passed="2" failed="2" skipped="0">
  <reporter-output>
  </reporter-output>
  <suite started-at="2024-05-25T13:43:50 IST" name="Suite" finished-at="2024-05-25T13:43:58 IST" duration-ms="8253">
    <groups>
    </groups>
    <test started-at="2024-05-25T13:43:50 IST" name="Test" finished-at="2024-05-25T13:43:58 IST" duration-ms="8253">
      <class name="com.asssignment.test.TC01_loginpage">
        <test-method is-config="true" signature="setUp()[pri:0, instance:com.asssignment.test.TC01_loginpage@3e694b3f]" started-at="2024-05-25T13:43:50 IST" name="setUp" finished-at="2024-05-25T13:43:56 IST" duration-ms="5980" status="PASS">
          <reporter-output>
          </reporter-output>
        </test-method> <!-- setUp -->
        <test-method signature="loginvalidation()[pri:0, instance:com.asssignment.test.TC01_loginpage@3e694b3f]" started-at="2024-05-25T13:43:56 IST" name="loginvalidation" finished-at="2024-05-25T13:43:58 IST" duration-ms="1525" status="PASS">
          <reporter-output>
          </reporter-output>
        </test-method> <!-- loginvalidation -->
        <test-method is-config="true" signature="tearDown()[pri:0, instance:com.asssignment.test.TC01_loginpage@3e694b3f]" started-at="2024-05-25T13:43:58 IST" name="tearDown" finished-at="2024-05-25T13:43:58 IST" duration-ms="470" status="PASS">
          <reporter-output>
          </reporter-output>
        </test-method> <!-- tearDown -->
      </class> <!-- com.asssignment.test.TC01_loginpage -->
      <class name="com.asssignment.test.TC04_Loginwithwrongpass">
        <test-method is-config="true" signature="setUp()[pri:0, instance:com.asssignment.test.TC04_Loginwithwrongpass@59474f18]" started-at="2024-05-25T13:43:50 IST" name="setUp" finished-at="2024-05-25T13:43:56 IST" duration-ms="6050" status="PASS">
          <reporter-output>
          </reporter-output>
        </test-method> <!-- setUp -->
        <test-method signature="wrongpass()[pri:0, instance:com.asssignment.test.TC04_Loginwithwrongpass@59474f18]" started-at="2024-05-25T13:43:56 IST" name="wrongpass" finished-at="2024-05-25T13:43:57 IST" duration-ms="985" status="FAIL">
          <exception class="java.lang.AssertionError">
            <message>
              <![CDATA[expected [true] but found [false]]]>
            </message>
            <full-stacktrace>
              <![CDATA[java.lang.AssertionError: expected [true] but found [false]
at org.testng.Assert.fail(Assert.java:111)
at org.testng.Assert.failNotEquals(Assert.java:1578)
at org.testng.Assert.assertTrue(Assert.java:57)
at org.testng.Assert.assertTrue(Assert.java:67)
at com.assigmnet.source.loginpage2.pass_(loginpage2.java:34)
at com.asssignment.test.TC04_Loginwithwrongpass.wrongpass(TC04_Loginwithwrongpass.java:17)
at java.base/jdk.internal.reflect.DirectMethodHandleAccessor.invoke(DirectMethodHandleAccessor.java:104)
at java.base/java.lang.reflect.Method.invoke(Method.java:577)
at org.testng.internal.invokers.MethodInvocationHelper.invokeMethod(MethodInvocationHelper.java:139)
at org.testng.internal.invokers.TestInvoker.invokeMethod(TestInvoker.java:664)
at org.testng.internal.invokers.TestInvoker.invokeTestMethod(TestInvoker.java:227)
at org.testng.internal.invokers.MethodRunner.runInSequence(MethodRunner.java:50)
at org.testng.internal.invokers.TestInvoker$MethodInvocationAgent.invoke(TestInvoker.java:957)
at org.testng.internal.invokers.TestInvoker.invokeTestMethods(TestInvoker.java:200)
at org.testng.internal.invokers.TestMethodWorker.invokeTestMethods(TestMethodWorker.java:148)
at org.testng.internal.invokers.TestMethodWorker.run(TestMethodWorker.java:128)
at java.base/java.util.concurrent.ThreadPoolExecutor.runWorker(ThreadPoolExecutor.java:1136)
at java.base/java.util.concurrent.ThreadPoolExecutor$Worker.run(ThreadPoolExecutor.java:635)
at java.base/java.lang.Thread.run(Thread.java:833)
]]>
            </full-stacktrace>
          </exception> <!-- java.lang.AssertionError -->
          <reporter-output>
          </reporter-output>
        </test-method> <!-- wrongpass -->
        <test-method is-config="true" signature="tearDown()[pri:0, instance:com.asssignment.test.TC04_Loginwithwrongpass@59474f18]" started-at="2024-05-25T13:43:57 IST" name="tearDown" finished-at="2024-05-25T13:43:58 IST" duration-ms="847" status="PASS">
          <reporter-output>
          </reporter-output>
        </test-method> <!-- tearDown -->
      </class> <!-- com.asssignment.test.TC04_Loginwithwrongpass -->
      <class name="com.asssignment.test.TC05_wrongusername">
        <test-method is-config="true" signature="setUpSuite()[pri:0, instance:com.asssignment.test.TC05_wrongusername@4218d6a3]" started-at="2024-05-25T13:43:50 IST" name="setUpSuite" finished-at="2024-05-25T13:43:50 IST" duration-ms="10" status="PASS">
          <reporter-output>
          </reporter-output>
        </test-method> <!-- setUpSuite -->
        <test-method is-config="true" signature="setUp()[pri:0, instance:com.asssignment.test.TC05_wrongusername@4218d6a3]" started-at="2024-05-25T13:43:50 IST" name="setUp" finished-at="2024-05-25T13:43:57 IST" duration-ms="6235" status="PASS">
          <reporter-output>
          </reporter-output>
        </test-method> <!-- setUp -->
        <test-method signature="wrongusername()[pri:0, instance:com.asssignment.test.TC05_wrongusername@4218d6a3]" started-at="2024-05-25T13:43:57 IST" name="wrongusername" finished-at="2024-05-25T13:43:57 IST" duration-ms="184" status="FAIL">
          <exception class="java.lang.AssertionError">
            <message>
              <![CDATA[expected [true] but found [false]]]>
            </message>
            <full-stacktrace>
              <![CDATA[java.lang.AssertionError: expected [true] but found [false]
at org.testng.Assert.fail(Assert.java:111)
at org.testng.Assert.failNotEquals(Assert.java:1578)
at org.testng.Assert.assertTrue(Assert.java:57)
at org.testng.Assert.assertTrue(Assert.java:67)
at com.assigmnet.source.loginpage3.username_(loginpage3.java:29)
at com.asssignment.test.TC05_wrongusername.wrongusername(TC05_wrongusername.java:15)
at java.base/jdk.internal.reflect.DirectMethodHandleAccessor.invoke(DirectMethodHandleAccessor.java:104)
at java.base/java.lang.reflect.Method.invoke(Method.java:577)
at org.testng.internal.invokers.MethodInvocationHelper.invokeMethod(MethodInvocationHelper.java:139)
at org.testng.internal.invokers.TestInvoker.invokeMethod(TestInvoker.java:664)
at org.testng.internal.invokers.TestInvoker.invokeTestMethod(TestInvoker.java:227)
at org.testng.internal.invokers.MethodRunner.runInSequence(MethodRunner.java:50)
at org.testng.internal.invokers.TestInvoker$MethodInvocationAgent.invoke(TestInvoker.java:957)
at org.testng.internal.invokers.TestInvoker.invokeTestMethods(TestInvoker.java:200)
at org.testng.internal.invokers.TestMethodWorker.invokeTestMethods(TestMethodWorker.java:148)
at org.testng.internal.invokers.TestMethodWorker.run(TestMethodWorker.java:128)
at java.base/java.util.concurrent.ThreadPoolExecutor.runWorker(ThreadPoolExecutor.java:1136)
at java.base/java.util.concurrent.ThreadPoolExecutor$Worker.run(ThreadPoolExecutor.java:635)
at java.base/java.lang.Thread.run(Thread.java:833)
]]>
            </full-stacktrace>
          </exception> <!-- java.lang.AssertionError -->
          <reporter-output>
          </reporter-output>
        </test-method> <!-- wrongusername -->
        <test-method is-config="true" signature="tearDown()[pri:0, instance:com.asssignment.test.TC05_wrongusername@4218d6a3]" started-at="2024-05-25T13:43:57 IST" name="tearDown" finished-at="2024-05-25T13:43:58 IST" duration-ms="1536" status="PASS">
          <reporter-output>
          </reporter-output>
        </test-method> <!-- tearDown -->
      </class> <!-- com.asssignment.test.TC05_wrongusername -->
      <class name="com.asssignment.test.TC02_Amounttablesort">
        <test-method is-config="true" signature="setUp()[pri:0, instance:com.asssignment.test.TC02_Amounttablesort@65fb9ffc]" started-at="2024-05-25T13:43:50 IST" name="setUp" finished-at="2024-05-25T13:43:56 IST" duration-ms="5617" status="PASS">
          <reporter-output>
          </reporter-output>
        </test-method> <!-- setUp -->
        <test-method signature="amountsort()[pri:0, instance:com.asssignment.test.TC02_Amounttablesort@65fb9ffc]" started-at="2024-05-25T13:43:56 IST" name="amountsort" finished-at="2024-05-25T13:43:57 IST" duration-ms="1085" status="PASS">
          <reporter-output>
          </reporter-output>
        </test-method> <!-- amountsort -->
        <test-method is-config="true" signature="tearDown()[pri:0, instance:com.asssignment.test.TC02_Amounttablesort@65fb9ffc]" started-at="2024-05-25T13:43:57 IST" name="tearDown" finished-at="2024-05-25T13:43:58 IST" duration-ms="1142" status="PASS">
          <reporter-output>
          </reporter-output>
        </test-method> <!-- tearDown -->
      </class> <!-- com.asssignment.test.TC02_Amounttablesort -->
    </test> <!-- Test -->
  </suite> <!-- Suite -->
</testng-results>
